Tic Tac Toe                                                                                                             PAGE 1
0000 7913                1     mov R1,#13h
0002 7A45                2     mov r2,#45h
                         3     ResetGameBoard:
0004 7700                4     mov @r1,#00h
0006 09                  5     INC r1
0007 DAFB                6     DJNZ R2,ResetGameBoard
                         7
0009 D290                8     setb p1.0
                         9
000B 7800               10     mov r0,#00h
000D 757011             11     mov 70h,#11h
0010 75A000             12     mov p2,#0
0013 75B000             13     mov p3,#0
0016 75903F             14     mov p1,#00111111b
                        15
                        16
0019 7513FF             17     Mov 13h,#0FFh
001C 7514FF             18     Mov 14h,#0FFh
001F 7515FF             19     Mov 15h,#0FFh
0022 7516FF             20     Mov 16h,#0FFh
0025 7517FF             21     Mov 17h,#0FFh
0028 7523FF             22     Mov 23h,#0FFh
002B 7527FF             23     Mov 27h,#0FFh
002E 7533FF             24     Mov 33h,#0FFh
0031 7537FF             25     Mov 37h,#0FFh
0034 7543FF             26     Mov 43h,#0FFh
0037 7547FF             27     Mov 47h,#0FFh
003A 7553FF             28     Mov 53h,#0FFh
003D 7554FF             29     Mov 54h,#0FFh
0040 7555FF             30     Mov 55h,#0FFh
0043 7556FF             31     Mov 56h,#0FFh
0046 7557FF             32     Mov 57h,#0FFh
                        33
                        34
                        35     MainLoop:
0049 30A41B             36     jnb p2.4,SkipMiddle
004C 30A006             37     jnb p2.0,P1_Diagonal_False
004F 309703             38     jnb p1.7,P1_Diagonal_False
                        39
                        40     P1_Wins:
0052 0201B0             41     ljmp Player1Victorious
                        42
                        43     P1_Diagonal_False:
0055 30A103             44     jnb p2.1,P1_MidCol_False
0058 20A7F7             45     jb p2.7,P1_Wins
                        46
                        47     P1_MidCol_False:
005B 30A203             48     jnb p2.2,P1_Diagonal2
005E 20A6F1             49     jb p2.6,P1_Wins
                        50
                        51     P1_Diagonal2:
0061 30A303             52     jnb p2.3,SkipMiddle
0064 20A5EB             53     jb p2.5,P1_Wins
                        54
                        55
                        56     SkipMiddle:
0067 30A00C             57     jnb p2.0,P1_TopLeft_False
006A 30A103             58     jnb p2.1,P1_JumpHere
006D 20A2E2             59     jb p2.2,P1_Wins
                        60
                        61     P1_JumpHere:
0070 30A303             62     jnb p2.3,P1_TopLeft_False
0073 20A6DC             63     jb p2.6,P1_Wins
                        64
                        65     P1_TopLeft_False:
0076 30970C             66     jnb p1.7,CheckPlayer2
0079 30A503             67     jnb p2.5,P1_BotCol_False
007C 20A2D3             68     jb p2.2,P1_Wins
                        69
                        70     P1_BotCol_False:
007F 30A703             71     jnb p2.7,CheckPlayer2
0082 20A6CD             72     jb p2.6,P1_Wins
                        73
                        74     CheckPlayer2:
                        75
0085 30B41B             76     jnb p3.4,SkipMiddle2
0088 30B006             77     jnb p3.0,P2_Diagonal_False
008B 309603             78     jnb p1.6,P2_Diagonal_False
                        79
                        80     P2_Wins:
008E 0201B6             81     ljmp Player2Victorious
                        82
                        83     P2_Diagonal_False:
0091 30B103             84     jnb p3.1,P2_MidCol_False
0094 20B7F7             85     jb p3.7,P2_Wins
                        86
                        87     P2_MidCol_False:
0097 30B203             88     jnb p3.2,P2_Diagonal2
009A 20B6F1             89     jb p3.6,P2_Wins
                        90
                        91     P2_Diagonal2:
009D 30B303             92     jnb p3.3,SkipMiddle2
00A0 20B5EB             93     jb p3.5,P2_Wins
                        94
                        95     SkipMiddle2:
00A3 30B00C             96     jnb p3.0,P2_TopLeft_False
00A6 30B103             97     jnb p3.1,P2_JumpHere
00A9 20B2E2             98     jb p3.2,P2_Wins
                        99
                       100     P2_JumpHere:
00AC 30B303            101     jnb p3.3,P2_TopLeft_False
00AF 20B6DC            102     jb p3.6,P2_Wins
                       103
                       104     P2_TopLeft_False:
00B2 30960C            105     jnb p1.6,Continue
00B5 30B503            106     jnb p3.5,P2_BotCol_False
00B8 20B2D3            107     jb p3.2,P2_Wins
                       108
                       109     P2_BotCol_False:
00BB 30B703            110     jnb p3.7,Continue
00BE 20B6CD            111     jb p3.6,P2_Wins
                       112     Continue:
                       113
                       114
00C1 D280              115     SETB P0.0
00C3 D281              116     SETB P0.1
00C5 D282              117     SETB P0.2
00C7 C283              118     CLR P0.3
                       119
00C9 308628            120     JNB P0.6,One
00CC 30852D            121     JNB P0.5,Two
00CF 308432            122     JNB P0.4,Three
00D2 D283              123     SETB P0.3
00D4 C282              124     CLR P0.2
                       125
00D6 308633            126     JNB P0.6,Four
00D9 308538            127     JNB P0.5,Five
00DC 308440            128     JNB P0.4,Six
00DF D282              129     SETB P0.2
00E1 C281              130     CLR P0.1
                       131
00E3 308641            132     JNB P0.6,Seven
00E6 308546            133     JNB P0.5,Eight
00E9 30844B            134     JNB P0.4,Nine
00EC D281              135     SETB P0.1
00EE C280              136     CLR P0.0
00F0 D280              137     SETB P0.0
00F2 0149              138     JMP MainLoop
                       139
                       140     One:
00F4 7824              141     mov r0,#24h
00F6 B60023            142     CJNE @r0, #0, GoBack
00F9 208743            143     jb p0.7,SetPlayer
                       144
                       145
                       146     Two:
00FC 7825              147     mov r0,#25h
00FE B6001B            148     CJNE @r0, #0, GoBack
0101 20873B            149     jb p0.7,SetPlayer
                       150
                       151     Three:
0104 7826              152     mov r0,#26h
0106 B60013            153     CJNE @r0, #0, GoBack
0109 208733            154     jb p0.7,SetPlayer
                       155
                       156     Four:
010C 7834              157     mov r0,#34h
010E B6000B            158     CJNE @r0, #0, GoBack
0111 20872B            159     jb p0.7,SetPlayer
                       160
                       161     Five:
0114 7835              162     mov r0,#35h
0116 B60003            163     CJNE @r0, #0, GoBack
0119 208723            164     jb p0.7,SetPlayer
                       165
                       166     GoBack:
011C 020049            167     ljmp MainLoop
                       168
                       169     Six:
011F 7836              170     mov r0,#36h
0121 B600F8            171     CJNE @r0, #0, GoBack
0124 208718            172     jb p0.7,SetPlayer
                       173
                       174     Seven:
0127 7844              175     mov r0,#44h
0129 B600F0            176     CJNE @r0, #0, GoBack
012C 208710            177     jb p0.7,SetPlayer
                       178
                       179     Eight:
012F 7845              180     mov r0,#45h
0131 B600E8            181     CJNE @r0, #0, GoBack
0134 208708            182     jb p0.7,SetPlayer
                       183
                       184     Nine:
0137 7846              185     mov r0,#46h
0139 B600E0            186     CJNE @r0, #0, GoBack
013C 208700            187     jb p0.7,SetPlayer
                       188
                       189
                       190
                       191
                       192
                       193
                       194
                       195     SetPlayer:
013F 309036            196     jnb p1.0,PlayerB
                       197
0142 7611              198     mov @r0,#11h
0144 757022            199     mov 70h,#22h
                       200
0147 B82402            201     CJNE r0, #24h,ones24
014A D2A0              202     setb p2.0
                       203     ones24:
014C B82502            204     CJNE r0, #25h,ones25
014F D2A1              205     setb p2.1
                       206     ones25:
0151 B82602            207     CJNE r0, #26h,ones26
0154 D2A2              208     setb p2.2
                       209     ones26:
0156 B83402            210     CJNE r0, #34h,ones34
0159 D2A3              211     setb p2.3
                       212     ones34:
015B B83502            213     CJNE r0, #35h,ones35
015E D2A4              214     setb p2.4
                       215     ones35:
0160 B83602            216     CJNE r0, #36h,ones36
0163 D2A5              217     setb p2.5
                       218     ones36:
0165 B84402            219     CJNE r0, #44h,ones44
0168 D2A6              220     setb p2.6
                       221     ones44:
016A B84502            222     CJNE r0, #45h,ones45
016D D2A7              223     setb p2.7
                       224     ones45:
016F B84602            225     CJNE r0, #46h,ones46
0172 D297              226     setb p1.7
                       227     ones46:
0174 C290              228     clr p1.0
0176 0149              229     JMP MainLoop
                       230
                       231
                       232     PlayerB:
0178 7622              233     mov @r0,#22h
017A 757011            234     mov 70h,#11h
017D B82402            235     CJNE r0, #24h,twos24
0180 D2B0              236     setb p3.0
                       237     twos24:
0182 B82502            238     CJNE r0, #25h,twos25
0185 D2B1              239     setb p3.1
                       240     twos25:
0187 B82602            241     CJNE r0, #26h,twos26
018A D2B2              242     setb p3.2
                       243     twos26:
018C B83402            244     CJNE r0, #34h,twos34
018F D2B3              245     setb p3.3
                       246     twos34:
0191 B83502            247     CJNE r0, #35h,twos35
0194 D2B4              248     setb p3.4
                       249     twos35:
0196 B83602            250     CJNE r0, #36h,twos36
0199 D2B5              251     setb p3.5
                       252     twos36:
019B B84402            253     CJNE r0, #44h,twos44
019E D2B6              254     setb p3.6
                       255     twos44:
01A0 B84502            256     CJNE r0, #45h,twos45
01A3 D2B7              257     setb p3.7
                       258     twos45:
01A5 B84602            259     CJNE r0, #46h,twos46
01A8 D296              260     setb p1.6
                       261     twos46:
01AA C290              262     clr p1.0
01AC D290              263     SETB p1.0
01AE 0149              264     JMP MainLoop
                       265
                       266     Player1Victorious:
01B0 7590F9            267     mov p1,#11111001b
01B3 0201B9            268     jmp SkipP2Win
                       269
                       270     Player2Victorious:
01B6 7590A4            271     mov p1,#10100100b
                       272
                       273     SkipP2Win:
                       274     END
ASSEMBLY COMPLETE, NO ERRORS FOUND, NO WARNINGS


SYMBOL TABLE:
??MCU_8051_IDE . . . . . . . . . . .  N  NUMB  8051H  NOT USED
??VERSION. . . . . . . . . . . . . .  N  NUMB  0149H  NOT USED
AC . . . . . . . . . . . . . . . . .  B  ADDR  00D6H  NOT USED
ACC. . . . . . . . . . . . . . . . .  D  ADDR  00E0H  NOT USED
ACSR . . . . . . . . . . . . . . . .  D  ADDR  0097H  NOT USED
ADCF . . . . . . . . . . . . . . . .  D  ADDR  00F6H  NOT USED
ADCLK. . . . . . . . . . . . . . . .  D  ADDR  00F2H  NOT USED
ADCON. . . . . . . . . . . . . . . .  D  ADDR  00F3H  NOT USED
ADDH . . . . . . . . . . . . . . . .  D  ADDR  00F5H  NOT USED
ADDL . . . . . . . . . . . . . . . .  D  ADDR  00F4H  NOT USED
AUXR . . . . . . . . . . . . . . . .  D  ADDR  008EH  NOT USED
AUXR1. . . . . . . . . . . . . . . .  D  ADDR  00A2H  NOT USED
B. . . . . . . . . . . . . . . . . .  D  ADDR  00F0H  NOT USED
BDRCON . . . . . . . . . . . . . . .  D  ADDR  009BH  NOT USED
BDRCON_1 . . . . . . . . . . . . . .  D  ADDR  009CH  NOT USED
BRL. . . . . . . . . . . . . . . . .  D  ADDR  009AH  NOT USED
CCAP0H . . . . . . . . . . . . . . .  D  ADDR  00FAH  NOT USED
CCAP0L . . . . . . . . . . . . . . .  D  ADDR  00EAH  NOT USED
CCAP1H . . . . . . . . . . . . . . .  D  ADDR  00FBH  NOT USED
CCAP1L . . . . . . . . . . . . . . .  D  ADDR  00EBH  NOT USED
CCAP2H . . . . . . . . . . . . . . .  D  ADDR  00FCH  NOT USED
CCAP3H . . . . . . . . . . . . . . .  D  ADDR  00FDH  NOT USED
CCAP4H . . . . . . . . . . . . . . .  D  ADDR  00FEH  NOT USED
CCAPL2H. . . . . . . . . . . . . . .  D  ADDR  00FCH  NOT USED
CCAPL2L. . . . . . . . . . . . . . .  D  ADDR  00ECH  NOT USED
CCAPL3H. . . . . . . . . . . . . . .  D  ADDR  00FDH  NOT USED
CCAPL3L. . . . . . . . . . . . . . .  D  ADDR  00EDH  NOT USED
CCAPL4H. . . . . . . . . . . . . . .  D  ADDR  00FEH  NOT USED
CCAPL4L. . . . . . . . . . . . . . .  D  ADDR  00EEH  NOT USED
CCAPM0 . . . . . . . . . . . . . . .  D  ADDR  00DAH  NOT USED
CCAPM1 . . . . . . . . . . . . . . .  D  ADDR  00DBH  NOT USED
CCAPM2 . . . . . . . . . . . . . . .  D  ADDR  00DCH  NOT USED
CCAPM3 . . . . . . . . . . . . . . .  D  ADDR  00DDH  NOT USED
CCAPM4 . . . . . . . . . . . . . . .  D  ADDR  00DEH  NOT USED
CCF0 . . . . . . . . . . . . . . . .  B  ADDR  00D8H  NOT USED
CCF1 . . . . . . . . . . . . . . . .  B  ADDR  00D9H  NOT USED
CCF2 . . . . . . . . . . . . . . . .  B  ADDR  00DAH  NOT USED
CCF3 . . . . . . . . . . . . . . . .  B  ADDR  00DBH  NOT USED
CCF4 . . . . . . . . . . . . . . . .  B  ADDR  00DCH  NOT USED
CCON . . . . . . . . . . . . . . . .  D  ADDR  00D8H  NOT USED
CFINT. . . . . . . . . . . . . . . .  C  ADDR  0033H  NOT USED
CH . . . . . . . . . . . . . . . . .  D  ADDR  00F9H  NOT USED
CHECKPLAYER2 . . . . . . . . . . . .  C  ADDR  0085H
CKCON. . . . . . . . . . . . . . . .  D  ADDR  008FH  NOT USED
CKCON0 . . . . . . . . . . . . . . .  D  ADDR  008FH  NOT USED
CKRL . . . . . . . . . . . . . . . .  D  ADDR  0097H  NOT USED
CKSEL. . . . . . . . . . . . . . . .  D  ADDR  0085H  NOT USED
CL . . . . . . . . . . . . . . . . .  D  ADDR  00E9H  NOT USED
CLKREG . . . . . . . . . . . . . . .  D  ADDR  008FH  NOT USED
CMOD . . . . . . . . . . . . . . . .  D  ADDR  00D9H  NOT USED
CONTINUE . . . . . . . . . . . . . .  C  ADDR  00C1H
CPRL2. . . . . . . . . . . . . . . .  B  ADDR  00C8H  NOT USED
CR . . . . . . . . . . . . . . . . .  B  ADDR  00DEH  NOT USED
CT2. . . . . . . . . . . . . . . . .  B  ADDR  00C9H  NOT USED
CY . . . . . . . . . . . . . . . . .  B  ADDR  00D7H  NOT USED
DP0H . . . . . . . . . . . . . . . .  D  ADDR  0083H  NOT USED
DP0L . . . . . . . . . . . . . . . .  D  ADDR  0082H  NOT USED
DP1H . . . . . . . . . . . . . . . .  D  ADDR  0085H  NOT USED
DP1L . . . . . . . . . . . . . . . .  D  ADDR  0084H  NOT USED
DPH. . . . . . . . . . . . . . . . .  D  ADDR  0083H  NOT USED
DPL. . . . . . . . . . . . . . . . .  D  ADDR  0082H  NOT USED
EA . . . . . . . . . . . . . . . . .  B  ADDR  00AFH  NOT USED
EC . . . . . . . . . . . . . . . . .  B  ADDR  00AEH  NOT USED
EECON. . . . . . . . . . . . . . . .  D  ADDR  0096H  NOT USED
EIGHT. . . . . . . . . . . . . . . .  C  ADDR  012FH
ES . . . . . . . . . . . . . . . . .  B  ADDR  00ACH  NOT USED
ET0. . . . . . . . . . . . . . . . .  B  ADDR  00A9H  NOT USED
ET1. . . . . . . . . . . . . . . . .  B  ADDR  00ABH  NOT USED
ET2. . . . . . . . . . . . . . . . .  B  ADDR  00ADH  NOT USED
EX0. . . . . . . . . . . . . . . . .  B  ADDR  00A8H  NOT USED
EX1. . . . . . . . . . . . . . . . .  B  ADDR  00AAH  NOT USED
EXEN2. . . . . . . . . . . . . . . .  B  ADDR  00CBH  NOT USED
EXF2 . . . . . . . . . . . . . . . .  B  ADDR  00CEH  NOT USED
EXTI0. . . . . . . . . . . . . . . .  C  ADDR  0003H  NOT USED
EXTI1. . . . . . . . . . . . . . . .  C  ADDR  0013H  NOT USED
F0 . . . . . . . . . . . . . . . . .  B  ADDR  00D5H  NOT USED
FE . . . . . . . . . . . . . . . . .  B  ADDR  009FH  NOT USED
FIVE . . . . . . . . . . . . . . . .  C  ADDR  0114H
FOUR . . . . . . . . . . . . . . . .  C  ADDR  010CH
GOBACK . . . . . . . . . . . . . . .  C  ADDR  011CH
IE . . . . . . . . . . . . . . . . .  D  ADDR  00A8H  NOT USED
IE0. . . . . . . . . . . . . . . . .  B  ADDR  0089H  NOT USED
IE1. . . . . . . . . . . . . . . . .  B  ADDR  008BH  NOT USED
INT0 . . . . . . . . . . . . . . . .  B  ADDR  00B2H  NOT USED
INT1 . . . . . . . . . . . . . . . .  B  ADDR  00B3H  NOT USED
IP . . . . . . . . . . . . . . . . .  D  ADDR  00B8H  NOT USED
IPH. . . . . . . . . . . . . . . . .  D  ADDR  00B7H  NOT USED
IPH0 . . . . . . . . . . . . . . . .  D  ADDR  00B7H  NOT USED
IPH1 . . . . . . . . . . . . . . . .  D  ADDR  00B3H  NOT USED
IPL0 . . . . . . . . . . . . . . . .  D  ADDR  00B8H  NOT USED
IPL1 . . . . . . . . . . . . . . . .  D  ADDR  00B2H  NOT USED
IT0. . . . . . . . . . . . . . . . .  B  ADDR  0088H  NOT USED
IT1. . . . . . . . . . . . . . . . .  B  ADDR  008AH  NOT USED
KBE. . . . . . . . . . . . . . . . .  D  ADDR  009DH  NOT USED
KBF. . . . . . . . . . . . . . . . .  D  ADDR  009EH  NOT USED
KBLS . . . . . . . . . . . . . . . .  D  ADDR  009CH  NOT USED
MAINLOOP . . . . . . . . . . . . . .  C  ADDR  0049H
NINE . . . . . . . . . . . . . . . .  C  ADDR  0137H
ONE. . . . . . . . . . . . . . . . .  C  ADDR  00F4H
ONES24 . . . . . . . . . . . . . . .  C  ADDR  014CH
ONES25 . . . . . . . . . . . . . . .  C  ADDR  0151H
ONES26 . . . . . . . . . . . . . . .  C  ADDR  0156H
ONES34 . . . . . . . . . . . . . . .  C  ADDR  015BH
ONES35 . . . . . . . . . . . . . . .  C  ADDR  0160H
ONES36 . . . . . . . . . . . . . . .  C  ADDR  0165H
ONES44 . . . . . . . . . . . . . . .  C  ADDR  016AH
ONES45 . . . . . . . . . . . . . . .  C  ADDR  016FH
ONES46 . . . . . . . . . . . . . . .  C  ADDR  0174H
OSCCON . . . . . . . . . . . . . . .  D  ADDR  0086H  NOT USED
OV . . . . . . . . . . . . . . . . .  B  ADDR  00D2H  NOT USED
P. . . . . . . . . . . . . . . . . .  B  ADDR  00D0H  NOT USED
P0 . . . . . . . . . . . . . . . . .  D  ADDR  0080H
P1 . . . . . . . . . . . . . . . . .  D  ADDR  0090H
P1M1 . . . . . . . . . . . . . . . .  D  ADDR  00D4H  NOT USED
P1M2 . . . . . . . . . . . . . . . .  D  ADDR  00E2H  NOT USED
P1_BOTCOL_FALSE. . . . . . . . . . .  C  ADDR  007FH
P1_DIAGONAL2 . . . . . . . . . . . .  C  ADDR  0061H
P1_DIAGONAL_FALSE. . . . . . . . . .  C  ADDR  0055H
P1_JUMPHERE. . . . . . . . . . . . .  C  ADDR  0070H
P1_MIDCOL_FALSE. . . . . . . . . . .  C  ADDR  005BH
P1_TOPLEFT_FALSE . . . . . . . . . .  C  ADDR  0076H
P1_WINS. . . . . . . . . . . . . . .  C  ADDR  0052H
P2 . . . . . . . . . . . . . . . . .  D  ADDR  00A0H
P2_BOTCOL_FALSE. . . . . . . . . . .  C  ADDR  00BBH
P2_DIAGONAL2 . . . . . . . . . . . .  C  ADDR  009DH
P2_DIAGONAL_FALSE. . . . . . . . . .  C  ADDR  0091H
P2_JUMPHERE. . . . . . . . . . . . .  C  ADDR  00ACH
P2_MIDCOL_FALSE. . . . . . . . . . .  C  ADDR  0097H
P2_TOPLEFT_FALSE . . . . . . . . . .  C  ADDR  00B2H
P2_WINS. . . . . . . . . . . . . . .  C  ADDR  008EH
P3 . . . . . . . . . . . . . . . . .  D  ADDR  00B0H
P3M1 . . . . . . . . . . . . . . . .  D  ADDR  00D5H  NOT USED
P3M2 . . . . . . . . . . . . . . . .  D  ADDR  00E3H  NOT USED
P4 . . . . . . . . . . . . . . . . .  D  ADDR  00C0H  NOT USED
P4M1 . . . . . . . . . . . . . . . .  D  ADDR  00D6H  NOT USED
P4M2 . . . . . . . . . . . . . . . .  D  ADDR  00E4H  NOT USED
P5 . . . . . . . . . . . . . . . . .  D  ADDR  00E8H  NOT USED
PC . . . . . . . . . . . . . . . . .  B  ADDR  00BEH  NOT USED
PCON . . . . . . . . . . . . . . . .  D  ADDR  0087H  NOT USED
PLAYER1VICTORIOUS. . . . . . . . . .  C  ADDR  01B0H
PLAYER2VICTORIOUS. . . . . . . . . .  C  ADDR  01B6H
PLAYERB. . . . . . . . . . . . . . .  C  ADDR  0178H
PPCL . . . . . . . . . . . . . . . .  B  ADDR  00BEH  NOT USED
PS . . . . . . . . . . . . . . . . .  B  ADDR  00BCH  NOT USED
PSL. . . . . . . . . . . . . . . . .  B  ADDR  00BCH  NOT USED
PSW. . . . . . . . . . . . . . . . .  D  ADDR  00D0H  NOT USED
PT0. . . . . . . . . . . . . . . . .  B  ADDR  00B9H  NOT USED
PT0L . . . . . . . . . . . . . . . .  B  ADDR  00B9H  NOT USED
PT1. . . . . . . . . . . . . . . . .  B  ADDR  00BBH  NOT USED
PT1L . . . . . . . . . . . . . . . .  B  ADDR  00BBH  NOT USED
PT2. . . . . . . . . . . . . . . . .  B  ADDR  00BDH  NOT USED
PT2L . . . . . . . . . . . . . . . .  B  ADDR  00BDH  NOT USED
PX0. . . . . . . . . . . . . . . . .  B  ADDR  00B8H  NOT USED
PX0L . . . . . . . . . . . . . . . .  B  ADDR  00B8H  NOT USED
PX1. . . . . . . . . . . . . . . . .  B  ADDR  00BAH  NOT USED
PX1L . . . . . . . . . . . . . . . .  B  ADDR  00BAH  NOT USED
RB8. . . . . . . . . . . . . . . . .  B  ADDR  009AH  NOT USED
RCAP2H . . . . . . . . . . . . . . .  D  ADDR  00CBH  NOT USED
RCAP2L . . . . . . . . . . . . . . .  D  ADDR  00CAH  NOT USED
RCLK . . . . . . . . . . . . . . . .  B  ADDR  00CDH  NOT USED
RD . . . . . . . . . . . . . . . . .  B  ADDR  00B7H  NOT USED
REN. . . . . . . . . . . . . . . . .  B  ADDR  009CH  NOT USED
RESET. . . . . . . . . . . . . . . .  C  ADDR  0000H  NOT USED
RESETGAMEBOARD . . . . . . . . . . .  C  ADDR  0004H
RI . . . . . . . . . . . . . . . . .  B  ADDR  0098H  NOT USED
RS0. . . . . . . . . . . . . . . . .  B  ADDR  00D3H  NOT USED
RS1. . . . . . . . . . . . . . . . .  B  ADDR  00D4H  NOT USED
RXD. . . . . . . . . . . . . . . . .  B  ADDR  00B0H  NOT USED
SADDR. . . . . . . . . . . . . . . .  D  ADDR  00A9H  NOT USED
SADDR_0. . . . . . . . . . . . . . .  D  ADDR  00A9H  NOT USED
SADDR_1. . . . . . . . . . . . . . .  D  ADDR  00AAH  NOT USED
SADEN. . . . . . . . . . . . . . . .  D  ADDR  00B9H  NOT USED
SADEN_0. . . . . . . . . . . . . . .  D  ADDR  00B9H  NOT USED
SADEN_1. . . . . . . . . . . . . . .  D  ADDR  00BAH  NOT USED
SBUF . . . . . . . . . . . . . . . .  D  ADDR  0099H  NOT USED
SCON . . . . . . . . . . . . . . . .  D  ADDR  0098H  NOT USED
SETPLAYER. . . . . . . . . . . . . .  C  ADDR  013FH
SEVEN. . . . . . . . . . . . . . . .  C  ADDR  0127H
SINT . . . . . . . . . . . . . . . .  C  ADDR  0023H  NOT USED
SIX. . . . . . . . . . . . . . . . .  C  ADDR  011FH
SKIPMIDDLE . . . . . . . . . . . . .  C  ADDR  0067H
SKIPMIDDLE2. . . . . . . . . . . . .  C  ADDR  00A3H
SKIPP2WIN. . . . . . . . . . . . . .  C  ADDR  01B9H
SM0. . . . . . . . . . . . . . . . .  B  ADDR  009FH  NOT USED
SM1. . . . . . . . . . . . . . . . .  B  ADDR  009EH  NOT USED
SM2. . . . . . . . . . . . . . . . .  B  ADDR  009DH  NOT USED
SP . . . . . . . . . . . . . . . . .  D  ADDR  0081H  NOT USED
SPCON. . . . . . . . . . . . . . . .  D  ADDR  00C3H  NOT USED
SPCR . . . . . . . . . . . . . . . .  D  ADDR  00D5H  NOT USED
SPDAT. . . . . . . . . . . . . . . .  D  ADDR  00C5H  NOT USED
SPDR . . . . . . . . . . . . . . . .  D  ADDR  0086H  NOT USED
SPSR . . . . . . . . . . . . . . . .  D  ADDR  00AAH  NOT USED
SPSTA. . . . . . . . . . . . . . . .  D  ADDR  00C4H  NOT USED
T0 . . . . . . . . . . . . . . . . .  B  ADDR  00B4H  NOT USED
T1 . . . . . . . . . . . . . . . . .  B  ADDR  00B5H  NOT USED
T2CON. . . . . . . . . . . . . . . .  D  ADDR  00C8H  NOT USED
T2MOD. . . . . . . . . . . . . . . .  D  ADDR  00C9H  NOT USED
TB8. . . . . . . . . . . . . . . . .  B  ADDR  009BH  NOT USED
TCLK . . . . . . . . . . . . . . . .  B  ADDR  00CCH  NOT USED
TCON . . . . . . . . . . . . . . . .  D  ADDR  0088H  NOT USED
TF0. . . . . . . . . . . . . . . . .  B  ADDR  008DH  NOT USED
TF1. . . . . . . . . . . . . . . . .  B  ADDR  008FH  NOT USED
TF2. . . . . . . . . . . . . . . . .  B  ADDR  00CFH  NOT USED
TH0. . . . . . . . . . . . . . . . .  D  ADDR  008CH  NOT USED
TH1. . . . . . . . . . . . . . . . .  D  ADDR  008DH  NOT USED
TH2. . . . . . . . . . . . . . . . .  D  ADDR  00CDH  NOT USED
THREE. . . . . . . . . . . . . . . .  C  ADDR  0104H
TI . . . . . . . . . . . . . . . . .  B  ADDR  0099H  NOT USED
TIMER0 . . . . . . . . . . . . . . .  C  ADDR  000BH  NOT USED
TIMER1 . . . . . . . . . . . . . . .  C  ADDR  001BH  NOT USED
TIMER2 . . . . . . . . . . . . . . .  C  ADDR  002BH  NOT USED
TL0. . . . . . . . . . . . . . . . .  D  ADDR  008AH  NOT USED
TL1. . . . . . . . . . . . . . . . .  D  ADDR  008BH  NOT USED
TL2. . . . . . . . . . . . . . . . .  D  ADDR  00CCH  NOT USED
TMOD . . . . . . . . . . . . . . . .  D  ADDR  0089H  NOT USED
TR0. . . . . . . . . . . . . . . . .  B  ADDR  008CH  NOT USED
TR1. . . . . . . . . . . . . . . . .  B  ADDR  008EH  NOT USED
TR2. . . . . . . . . . . . . . . . .  B  ADDR  00CAH  NOT USED
TWO. . . . . . . . . . . . . . . . .  C  ADDR  00FCH
TWOS24 . . . . . . . . . . . . . . .  C  ADDR  0182H
TWOS25 . . . . . . . . . . . . . . .  C  ADDR  0187H
TWOS26 . . . . . . . . . . . . . . .  C  ADDR  018CH
TWOS34 . . . . . . . . . . . . . . .  C  ADDR  0191H
TWOS35 . . . . . . . . . . . . . . .  C  ADDR  0196H
TWOS36 . . . . . . . . . . . . . . .  C  ADDR  019BH
TWOS44 . . . . . . . . . . . . . . .  C  ADDR  01A0H
TWOS45 . . . . . . . . . . . . . . .  C  ADDR  01A5H
TWOS46 . . . . . . . . . . . . . . .  C  ADDR  01AAH
TXD. . . . . . . . . . . . . . . . .  B  ADDR  00B1H  NOT USED
WDTCON . . . . . . . . . . . . . . .  D  ADDR  00A7H  NOT USED
WDTPRG . . . . . . . . . . . . . . .  D  ADDR  00A7H  NOT USED
WDTRST . . . . . . . . . . . . . . .  D  ADDR  00A6H  NOT USED
WR . . . . . . . . . . . . . . . . .  B  ADDR  00B6H  NOT USED